INFO:password_manager:Created a new key in key.key
INFO:password_manager:Added password for Account Name: iur
INFO:password_manager:Viewed password for User: iur 
INFO:password_manager:Added password for Account Name: l
INFO:password_manager:Viewed password for User: iur 
INFO:password_manager:Viewed password for User: l 
INFO:password_manager:Added password for Account Name: er
INFO:password_manager:Viewed password for User: iur 
INFO:password_manager:Viewed password for User: l 
INFO:password_manager:Viewed password for User: er 
INFO:password_manager:Viewed password for User: iur 
INFO:password_manager:Viewed password for User: l 
INFO:password_manager:Viewed password for User: er 
INFO:password_manager:Added password for Account Name: norbert
INFO:password_manager:Added password for Account Name: f
INFO:password_manager:Viewed password for User: f 
INFO:password_manager:Added password for Account Name: c
INFO:password_manager:Viewed password for User: f 
INFO:password_manager:Viewed password for User: c 
INFO:password_manager:Added password for Account Name: r
INFO:password_manager:Viewed password for User: f 
INFO:password_manager:Viewed password for User: c 
INFO:password_manager:Viewed password for User: r 
INFO:password_manager:Viewed password for User: f 
INFO:password_manager:Viewed password for User: c 
INFO:password_manager:Viewed password for User: r 
INFO:password_manager:Added password for Account Name: x
INFO:password_manager:Viewed password for User: f 
INFO:password_manager:Viewed password for User: c 
INFO:password_manager:Viewed password for User: r 
INFO:password_manager:Viewed password for User: x 
INFO:password_manager:Viewed password for User: f 
INFO:password_manager:Viewed password for User: c 
INFO:password_manager:Viewed password for User: r 
INFO:password_manager:Viewed password for User: x 
INFO:password_manager:Viewed password for User: f 
INFO:password_manager:Viewed password for User: c 
INFO:password_manager:Viewed password for User: r 
INFO:password_manager:Viewed password for User: x 
INFO:password_manager:Viewed password for User: f 
INFO:password_manager:Viewed password for User: c 
INFO:password_manager:Viewed password for User: r 
INFO:password_manager:Viewed password for User: x 
INFO:password_manager:Viewed password for User: f 
INFO:password_manager:Viewed password for User: c 
INFO:password_manager:Viewed password for User: r 
INFO:password_manager:Viewed password for User: x 
INFO:password_manager:Viewed password for User: f 
INFO:password_manager:Viewed password for User: c 
INFO:password_manager:Viewed password for User: r 
INFO:password_manager:Viewed password for User: x 
INFO:password_manager:Viewed password for User: f 
INFO:password_manager:Viewed password for User: c 
INFO:password_manager:Viewed password for User: r 
INFO:password_manager:Viewed password for User: x 
INFO:password_manager:Viewed password for User: f 
INFO:password_manager:Viewed password for User: c 
INFO:password_manager:Viewed password for User: r 
INFO:password_manager:Viewed password for User: x 
INFO:password_manager:Added password for Account Name: xcv
INFO:password_manager:Viewed password for User: f 
INFO:password_manager:Viewed password for User: c 
INFO:password_manager:Viewed password for User: r 
INFO:password_manager:Viewed password for User: x 
INFO:password_manager:Viewed password for User: xcv 
INFO:password_manager:Viewed password for User: f 
INFO:password_manager:Viewed password for User: c 
INFO:password_manager:Viewed password for User: r 
INFO:password_manager:Viewed password for User: x 
INFO:password_manager:Viewed password for User: xcv 
INFO:password_manager:Added password for Account Name: hello
INFO:password_manager:Viewed password for User: f 
INFO:password_manager:Viewed password for User: c 
INFO:password_manager:Viewed password for User: r 
INFO:password_manager:Viewed password for User: x 
INFO:password_manager:Viewed password for User: xcv 
INFO:password_manager:Viewed password for User: hello 
INFO:password_manager:Viewed password for User: f 
INFO:password_manager:Viewed password for User: c 
INFO:password_manager:Viewed password for User: r 
INFO:password_manager:Viewed password for User: x 
INFO:password_manager:Viewed password for User: xcv 
INFO:password_manager:Viewed password for User: hello 
INFO:password_manager:Added password for Account Name: lilike
INFO:password_manager:Viewed password for User: f 
INFO:password_manager:Viewed password for User: c 
INFO:password_manager:Viewed password for User: r 
INFO:password_manager:Viewed password for User: x 
INFO:password_manager:Viewed password for User: xcv 
INFO:password_manager:Viewed password for User: hello 
INFO:password_manager:Viewed password for User: lilike 
INFO:password_manager:Viewed password for User: f 
INFO:password_manager:Viewed password for User: c 
INFO:password_manager:Viewed password for User: r 
INFO:password_manager:Viewed password for User: x 
INFO:password_manager:Viewed password for User: xcv 
INFO:password_manager:Viewed password for User: hello 
INFO:password_manager:Viewed password for User: lilike 
INFO:password_manager:Added password for Account Name: lol
INFO:password_manager:Viewed password for User: f 
INFO:password_manager:Viewed password for User: c 
INFO:password_manager:Viewed password for User: r 
INFO:password_manager:Viewed password for User: x 
INFO:password_manager:Viewed password for User: xcv 
INFO:password_manager:Viewed password for User: hello 
INFO:password_manager:Viewed password for User: lilike 
ERROR:password_manager:Error viewing passwords: 
INFO:password_manager:Added password for Account Name: hugo
INFO:password_manager:Viewed password for User: f 
INFO:password_manager:Viewed password for User: c 
INFO:password_manager:Viewed password for User: r 
INFO:password_manager:Viewed password for User: x 
INFO:password_manager:Viewed password for User: xcv 
INFO:password_manager:Viewed password for User: hello 
INFO:password_manager:Viewed password for User: lilike 
ERROR:password_manager:Error viewing passwords: 
INFO:password_manager:Added password for Account Name: 1234
INFO:password_manager:Viewed password for User: f 
INFO:password_manager:Viewed password for User: c 
INFO:password_manager:Viewed password for User: r 
INFO:password_manager:Viewed password for User: x 
INFO:password_manager:Viewed password for User: xcv 
INFO:password_manager:Viewed password for User: hello 
INFO:password_manager:Viewed password for User: lilike 
ERROR:password_manager:Error viewing passwords: 
INFO:password_manager:Added password for Account Name: David11
ERROR:password_manager:Error viewing passwords: 
INFO:password_manager:Added password for Account Name: Lilike11
ERROR:password_manager:Error viewing passwords: 
ERROR:password_manager:Error viewing passwords: 
INFO:password_manager:Added password for Account Name: David
INFO:password_manager:Added password for Account Name: Lilike
INFO:password_manager:Added password for Account Name: Levendula
INFO:password_manager:Created a new key in key.key
ERROR:password_manager:Error loading saved passwords: [Errno 2] No such file or directory: 'passwords.txt'
INFO:password_manager:Added password for Account Name: dav
